{"logTime": "1225/063507", "correlationVector":"jVxMJK9S7DrX0xbtMOUznE.1","action":"SyncServerConnectionManagerRequest", "result":"SYNC_SERVER_OK", "context":{"environment":"Prod_SoutheastAsia_000j", "migrationStage":"NotStarted", "server":"GENERAL0300001R"}}
{"logTime": "1225/063507", "correlationVector":"jVxMJK9S7DrX0xbtMOUznE","action":"Initial GetUpdates", "result":"", "context":Reason: NEW_CLIENT. cV=jVxMJK9S7DrX0xbtMOUznE}
{"logTime": "1225/063507", "correlationVector":"jVxMJK9S7DrX0xbtMOUznE.2","action":"GetUpdates Response", "result":"SYNCER_OK", "context":Received 1 update(s). cV=jVxMJK9S7DrX0xbtMOUznE.0;server=GENERAL0300001R;cloudType=Consumer;environment=Prod_SoutheastAsia_000j;migrationStage=NotStarted}
{"logTime": "1225/063508", "correlationVector":"fFs5TLJ6ohkCmqNSuRvDpD","action":"SyncServerConnectionManagerRequest", "result":"SYNC_SERVER_OK", "context":{"environment":"", "migrationStage":"", "server":""}}
{"logTime": "1225/063508", "correlationVector":"HQexCciwW04md5pxXduA58","action":"Initial GetUpdates", "result":"", "context":Reason: NEW_CLIENT. cV=HQexCciwW04md5pxXduA58}
{"logTime": "1225/063508", "correlationVector":"HQexCciwW04md5pxXduA58.1","action":"SyncServerConnectionManagerRequest", "result":"SYNC_SERVER_OK", "context":{"environment":"Prod_SoutheastAsia_000j", "migrationStage":"NotStarted", "server":"GENERAL0100000D"}}
{"logTime": "1225/063508", "correlationVector":"HQexCciwW04md5pxXduA58.2","action":"GetUpdates Response", "result":"SYNCER_OK", "context":Received 1 update(s). cV=HQexCciwW04md5pxXduA58.0;server=GENERAL0100000D;cloudType=Consumer;environment=Prod_SoutheastAsia_000j;migrationStage=NotStarted}
{"logTime": "1225/063508", "correlationVector":"cLCv/GElY8sfVyfxSHN8zH","action":"Normal GetUpdate request", "result":"", "context":cV=cLCv/GElY8sfVyfxSHN8zH
Nudged types: Device Info, User Consents
Refresh requested types: Device Info, User Consents, Send Tab To Self, Encryption Keys}
{"logTime": "1225/063508", "correlationVector":"cLCv/GElY8sfVyfxSHN8zH.1","action":"SyncServerConnectionManagerRequest", "result":"SYNC_SERVER_OK", "context":{"environment":"Prod_SoutheastAsia_000j", "migrationStage":"NotStarted", "server":"GENERAL0100000K"}}
{"logTime": "1225/063508", "correlationVector":"cLCv/GElY8sfVyfxSHN8zH.2","action":"GetUpdates Response", "result":"SYNCER_OK", "context":Received 0 update(s). cV=cLCv/GElY8sfVyfxSHN8zH.0;server=GENERAL0100000K;cloudType=Consumer;environment=Prod_SoutheastAsia_000j;migrationStage=NotStarted}
{"logTime": "1225/063508", "correlationVector":"1jY/Er3Sh6m1UkGg5VlWbh","action":"Commit Request", "result":"", "context":Item count: 1
Contributing types: Device Info}
{"logTime": "1225/063509", "correlationVector":"1jY/Er3Sh6m1UkGg5VlWbh.1","action":"SyncServerConnectionManagerRequest", "result":"SYNC_SERVER_OK", "context":{"environment":"Prod_SoutheastAsia_000j", "migrationStage":"NotStarted", "server":"GENERAL01000009"}}
{"logTime": "1225/063509", "correlationVector":"1jY/Er3Sh6m1UkGg5VlWbh.2","action":"Commit Response", "result":"SYNCER_OK", "context":Result: SYNCER_OK. cV=1jY/Er3Sh6m1UkGg5VlWbh.0;server=GENERAL01000009;cloudType=Consumer;environment=Prod_SoutheastAsia_000j;migrationStage=NotStarted}
{"logTime": "1225/063509", "correlationVector":"045tXCmURoYhtbLSrvZZJZ","action":"Commit Request", "result":"", "context":Item count: 1
Contributing types: User Consents}
{"logTime": "1225/063509", "correlationVector":"045tXCmURoYhtbLSrvZZJZ.1","action":"SyncServerConnectionManagerRequest", "result":"SYNC_SERVER_OK", "context":{"environment":"Prod_SoutheastAsia_000j", "migrationStage":"NotStarted", "server":"GENERAL0300000P"}}
{"logTime": "1225/063509", "correlationVector":"045tXCmURoYhtbLSrvZZJZ.2","action":"Commit Response", "result":"SYNCER_OK", "context":Result: SYNCER_OK. cV=045tXCmURoYhtbLSrvZZJZ.0;server=GENERAL0300000P;cloudType=Consumer;environment=Prod_SoutheastAsia_000j;migrationStage=NotStarted}
{"logTime": "1225/063510", "correlationVector":"8DI8mcMs2x7jk/Pk4xZbqZ","action":"Normal GetUpdate request", "result":"", "context":cV=8DI8mcMs2x7jk/Pk4xZbqZ
Nudged types: Device Info}
{"logTime": "1225/063510", "correlationVector":"8DI8mcMs2x7jk/Pk4xZbqZ.1","action":"SyncServerConnectionManagerRequest", "result":"SYNC_SERVER_OK", "context":{"environment":"Prod_SoutheastAsia_000j", "migrationStage":"NotStarted", "server":"GENERAL0300000O"}}
{"logTime": "1225/063510", "correlationVector":"8DI8mcMs2x7jk/Pk4xZbqZ.2","action":"GetUpdates Response", "result":"SYNCER_OK", "context":Received 1 update(s). cV=8DI8mcMs2x7jk/Pk4xZbqZ.0;server=GENERAL0300000O;cloudType=Consumer;environment=Prod_SoutheastAsia_000j;migrationStage=NotStarted}
{"logTime": "1225/063604", "correlationVector":"v/t+N/9tI42W73toptYOft.1","action":"SyncServerConnectionManagerRequest", "result":"SYNC_SERVER_OK", "context":{"environment":"Prod_SoutheastAsia_000j", "migrationStage":"NotStarted", "server":"GENERAL01000008"}}
{"logTime": "1225/063604", "correlationVector":"v/t+N/9tI42W73toptYOft","action":"Initial GetUpdates", "result":"", "context":Reason: NEW_CLIENT. cV=v/t+N/9tI42W73toptYOft}
{"logTime": "1225/063604", "correlationVector":"v/t+N/9tI42W73toptYOft.2","action":"GetUpdates Response", "result":"SYNCER_OK", "context":Received 1 update(s). cV=v/t+N/9tI42W73toptYOft.0;server=GENERAL01000008;cloudType=Consumer;environment=Prod_SoutheastAsia_000j;migrationStage=NotStarted}
{"logTime": "1225/063604", "correlationVector":"HOpSkDN7s/ya9leY4+YFLc","action":"Normal GetUpdate request", "result":"", "context":cV=HOpSkDN7s/ya9leY4+YFLc
Refresh requested types: Device Info, User Consents, Send Tab To Self, Encryption Keys}
{"logTime": "1225/063604", "correlationVector":"HOpSkDN7s/ya9leY4+YFLc.1","action":"SyncServerConnectionManagerRequest", "result":"SYNC_SERVER_OK", "context":{"environment":"Prod_SoutheastAsia_000j", "migrationStage":"NotStarted", "server":"GENERAL01000017"}}
{"logTime": "1225/063604", "correlationVector":"HOpSkDN7s/ya9leY4+YFLc.2","action":"GetUpdates Response", "result":"SYNCER_OK", "context":Received 0 update(s). cV=HOpSkDN7s/ya9leY4+YFLc.0;server=GENERAL01000017;cloudType=Consumer;environment=Prod_SoutheastAsia_000j;migrationStage=NotStarted}
{"logTime": "1225/063605", "correlationVector":"az0bfrZ7yDTl/YLMx3WmhT","action":"SyncServerConnectionManagerRequest", "result":"SYNC_SERVER_OK", "context":{"environment":"", "migrationStage":"", "server":""}}
{"logTime": "1225/063605", "correlationVector":"H6EWWqBqh9qu4UtorHR7Gd","action":"Initial GetUpdates", "result":"", "context":Reason: RECONFIGURATION. cV=H6EWWqBqh9qu4UtorHR7Gd}
{"logTime": "1225/063606", "correlationVector":"H6EWWqBqh9qu4UtorHR7Gd.1","action":"SyncServerConnectionManagerRequest", "result":"SYNC_SERVER_OK", "context":{"environment":"Prod_SoutheastAsia_000j", "migrationStage":"NotStarted", "server":"GENERAL01000007"}}
{"logTime": "1225/063606", "correlationVector":"H6EWWqBqh9qu4UtorHR7Gd.2","action":"GetUpdates", "result":"DeleteReceived", "context":{"id":"cb7da6f2-9482-409a-afdd-d826dc9d2643", "isDeleted:":"true", "version":"1682481201404"}}
{"logTime": "1225/063606", "correlationVector":"H6EWWqBqh9qu4UtorHR7Gd.3","action":"GetUpdates", "result":"DeleteReceived", "context":{"id":"1bc4a97f-6007-46dd-9758-bfcd088debd7", "isDeleted:":"true", "version":"1700910444884"}}
{"logTime": "1225/063606", "correlationVector":"H6EWWqBqh9qu4UtorHR7Gd.4","action":"GetUpdates Response", "result":"SYNCER_OK", "context":Received 116 update(s). cV=H6EWWqBqh9qu4UtorHR7Gd.0;server=GENERAL01000007;cloudType=Consumer;environment=Prod_SoutheastAsia_000j;migrationStage=NotStarted}
{"logTime": "1225/063606", "correlationVector":"1s90HmvPCJ6DHhFBQk2kCt","action":"Initial GetUpdates", "result":"", "context":Reason: NEWLY_SUPPORTED_DATATYPE. cV=1s90HmvPCJ6DHhFBQk2kCt}
{"logTime": "1225/063606", "correlationVector":"1s90HmvPCJ6DHhFBQk2kCt.1","action":"SyncServerConnectionManagerRequest", "result":"SYNC_SERVER_OK", "context":{"environment":"Prod_SoutheastAsia_000j", "migrationStage":"NotStarted", "server":"GENERAL0300001G"}}
{"logTime": "1225/063606", "correlationVector":"1s90HmvPCJ6DHhFBQk2kCt.2","action":"GetUpdates", "result":"DeleteReceived", "context":{"id":"5a5688bd-6f5e-488d-b3c6-f558c89d5e1d", "isDeleted:":"true", "version":"1685972526001"}}
{"logTime": "1225/063606", "correlationVector":"1s90HmvPCJ6DHhFBQk2kCt.3","action":"GetUpdates", "result":"DeleteReceived", "context":{"id":"d5596ecf-4368-4365-8b89-252d402e66a0", "isDeleted:":"true", "version":"1685972528619"}}
{"logTime": "1225/063606", "correlationVector":"1s90HmvPCJ6DHhFBQk2kCt.4","action":"GetUpdates", "result":"DeleteReceived", "context":{"id":"1ec14db4-e619-4ea8-9e7a-a7457a9b8486", "isDeleted:":"true", "version":"1685972528620"}}
{"logTime": "1225/063606", "correlationVector":"1s90HmvPCJ6DHhFBQk2kCt.5","action":"GetUpdates", "result":"DeleteReceived", "context":{"id":"96683cf4-ec9e-461d-beca-b18423f501d1", "isDeleted:":"true", "version":"1697558890929"}}
{"logTime": "1225/063606", "correlationVector":"1s90HmvPCJ6DHhFBQk2kCt.6","action":"GetUpdates Response", "result":"SYNCER_OK", "context":Received 31 update(s). cV=1s90HmvPCJ6DHhFBQk2kCt.0;server=GENERAL0300001G;cloudType=Consumer;environment=Prod_SoutheastAsia_000j;migrationStage=NotStarted}
{"logTime": "1225/063606", "correlationVector":"CdLVRkT8OVAxGny5KJDHV7","action":"Initial GetUpdates", "result":"", "context":Reason: NEWLY_SUPPORTED_DATATYPE. cV=CdLVRkT8OVAxGny5KJDHV7}
{"logTime": "1225/063607", "correlationVector":"CdLVRkT8OVAxGny5KJDHV7.1","action":"SyncServerConnectionManagerRequest", "result":"SYNC_SERVER_OK", "context":{"environment":"Prod_SoutheastAsia_000j", "migrationStage":"NotStarted", "server":"GENERAL0100000J"}}
{"logTime": "1225/063607", "correlationVector":"CdLVRkT8OVAxGny5KJDHV7.2","action":"GetUpdates", "result":"DeleteReceived", "context":{"id":"37ea57bd-5371-41f7-b19d-c43ecc88f07a", "isDeleted:":"true", "version":"1696854846237"}}
{"logTime": "1225/063607", "correlationVector":"CdLVRkT8OVAxGny5KJDHV7.3","action":"GetUpdates", "result":"DeleteReceived", "context":{"id":"12339d4b-42cb-4fa8-aedf-6fd42e6e6096", "isDeleted:":"true", "version":"1696854846238"}}
{"logTime": "1225/063607", "correlationVector":"CdLVRkT8OVAxGny5KJDHV7.4","action":"GetUpdates", "result":"DeleteReceived", "context":{"id":"ebf54c35-f264-4383-8926-aff86aab0dff", "isDeleted:":"true", "version":"1697473376638"}}
{"logTime": "1225/063607", "correlationVector":"CdLVRkT8OVAxGny5KJDHV7.5","action":"GetUpdates", "result":"DeleteReceived", "context":{"id":"be147ffe-5ef6-4ecd-ab00-0a4a2d076d19", "isDeleted:":"true", "version":"1697473376639"}}
{"logTime": "1225/063607", "correlationVector":"CdLVRkT8OVAxGny5KJDHV7.6","action":"GetUpdates", "result":"DeleteReceived", "context":{"id":"7da94def-2d97-4974-8308-e4cb3fe4d888", "isDeleted:":"true", "version":"1697558851832"}}
{"logTime": "1225/063607", "correlationVector":"CdLVRkT8OVAxGny5KJDHV7.7","action":"GetUpdates", "result":"DeleteReceived", "context":{"id":"9c9a5325-4936-4064-9a84-2de0b18e7d1d", "isDeleted:":"true", "version":"1697559166596"}}
{"logTime": "1225/063607", "correlationVector":"CdLVRkT8OVAxGny5KJDHV7.8","action":"GetUpdates", "result":"DeleteReceived", "context":{"id":"57c2befc-e256-4405-b21a-079e3de2c3c2", "isDeleted:":"true", "version":"1697567880402"}}
{"logTime": "1225/063607", "correlationVector":"CdLVRkT8OVAxGny5KJDHV7.9","action":"GetUpdates", "result":"DeleteReceived", "context":{"id":"0b3645bd-4d5d-48bd-b8d9-e949960dfe16", "isDeleted:":"true", "version":"1697571495072"}}
{"logTime": "1225/063607", "correlationVector":"CdLVRkT8OVAxGny5KJDHV7.10","action":"GetUpdates", "result":"DeleteReceived", "context":{"id":"2841aeb4-a8b6-496a-a0ef-51e1f00c9d9b", "isDeleted:":"true", "version":"1697652832819"}}
{"logTime": "1225/063607", "correlationVector":"CdLVRkT8OVAxGny5KJDHV7.11","action":"GetUpdates", "result":"DeleteReceived", "context":{"id":"a971561b-8cdc-44d0-930f-abcedcf2c54f", "isDeleted:":"true", "version":"1697652832820"}}
{"logTime": "1225/063607", "correlationVector":"CdLVRkT8OVAxGny5KJDHV7.12","action":"GetUpdates", "result":"DeleteReceived", "context":{"id":"6835cb11-7d90-4489-b8d7-cb7773dee0cc", "isDeleted:":"true", "version":"1697652832821"}}
{"logTime": "1225/063607", "correlationVector":"CdLVRkT8OVAxGny5KJDHV7.13","action":"GetUpdates", "result":"DeleteReceived", "context":{"id":"7de38771-65dc-43b6-88be-416375b80ffa", "isDeleted:":"true", "version":"1697660236384"}}
{"logTime": "1225/063607", "correlationVector":"CdLVRkT8OVAxGny5KJDHV7.14","action":"GetUpdates", "result":"DeleteReceived", "context":{"id":"b0c95a01-93b7-4434-88e8-3c386bf1cbed", "isDeleted:":"true", "version":"1698342204796"}}
{"logTime": "1225/063607", "correlationVector":"CdLVRkT8OVAxGny5KJDHV7.15","action":"GetUpdates", "result":"DeleteReceived", "context":{"id":"629bcfa2-bb05-4c88-ac49-788040be2fdc", "isDeleted:":"true", "version":"1698414931393"}}
{"logTime": "1225/063607", "correlationVector":"CdLVRkT8OVAxGny5KJDHV7.16","action":"GetUpdates", "result":"DeleteReceived", "context":{"id":"f8e77085-6f3f-4932-a503-ef0449a92770", "isDeleted:":"true", "version":"1698414931395"}}
{"logTime": "1225/063607", "correlationVector":"CdLVRkT8OVAxGny5KJDHV7.17","action":"GetUpdates", "result":"DeleteReceived", "context":{"id":"c82796dc-456f-4477-8eeb-645cf10371bc", "isDeleted:":"true", "version":"1698680990803"}}
{"logTime": "1225/063607", "correlationVector":"CdLVRkT8OVAxGny5KJDHV7.18","action":"GetUpdates", "result":"DeleteReceived", "context":{"id":"329defaf-1700-48de-9b4e-b6fc6ff4eb82", "isDeleted:":"true", "version":"1698682833777"}}
{"logTime": "1225/063607", "correlationVector":"CdLVRkT8OVAxGny5KJDHV7.19","action":"GetUpdates", "result":"DeleteReceived", "context":{"id":"cf4f485c-cc53-457f-8397-b98d330f6b32", "isDeleted:":"true", "version":"1698732604336"}}
{"logTime": "1225/063607", "correlationVector":"CdLVRkT8OVAxGny5KJDHV7.20","action":"GetUpdates", "result":"DeleteReceived", "context":{"id":"8ebcc701-eda2-4e7f-b8b9-bc50984961f3", "isDeleted:":"true", "version":"1698736147960"}}
{"logTime": "1225/063607", "correlationVector":"CdLVRkT8OVAxGny5KJDHV7.21","action":"GetUpdates", "result":"DeleteReceived", "context":{"id":"8abd6907-268c-498c-82c2-fd9c86611084", "isDeleted:":"true", "version":"1699524363565"}}
{"logTime": "1225/063607", "correlationVector":"CdLVRkT8OVAxGny5KJDHV7.22","action":"GetUpdates", "result":"DeleteReceived", "context":{"id":"f3452b8f-ba3b-4d67-9e4d-732810f3533a", "isDeleted:":"true", "version":"1699557510798"}}
{"logTime": "1225/063607", "correlationVector":"CdLVRkT8OVAxGny5KJDHV7.23","action":"GetUpdates", "result":"DeleteReceived", "context":{"id":"83b255a9-5a83-4df9-a2d0-9c0b3fad6b4f", "isDeleted:":"true", "version":"1699557510799"}}
{"logTime": "1225/063607", "correlationVector":"CdLVRkT8OVAxGny5KJDHV7.24","action":"GetUpdates", "result":"DeleteReceived", "context":{"id":"354c874b-9604-4e9d-b3c4-3c6bec0f541d", "isDeleted:":"true", "version":"1700297783340"}}
{"logTime": "1225/063607", "correlationVector":"CdLVRkT8OVAxGny5KJDHV7.25","action":"GetUpdates", "result":"DeleteReceived", "context":{"id":"39cc6b24-4dcf-45e7-b1ca-cf5db62b2185", "isDeleted:":"true", "version":"1700297783342"}}
{"logTime": "1225/063607", "correlationVector":"CdLVRkT8OVAxGny5KJDHV7.26","action":"GetUpdates", "result":"DeleteReceived", "context":{"id":"2f512ef1-5bbe-4146-a79d-dece5c0d6e1e", "isDeleted:":"true", "version":"1700297783343"}}
{"logTime": "1225/063607", "correlationVector":"CdLVRkT8OVAxGny5KJDHV7.27","action":"GetUpdates", "result":"DeleteReceived", "context":{"id":"d0259036-3c47-4e1e-ad45-10ff074892c1", "isDeleted:":"true", "version":"1700301689923"}}
{"logTime": "1225/063607", "correlationVector":"CdLVRkT8OVAxGny5KJDHV7.28","action":"GetUpdates", "result":"DeleteReceived", "context":{"id":"ea5ba747-9b08-4d91-b62d-461e5da96762", "isDeleted:":"true", "version":"1700301689925"}}
{"logTime": "1225/063607", "correlationVector":"CdLVRkT8OVAxGny5KJDHV7.29","action":"GetUpdates", "result":"DeleteReceived", "context":{"id":"6a782f56-cda2-4dcb-9cd6-8bd041a3635c", "isDeleted:":"true", "version":"1700301689926"}}
{"logTime": "1225/063607", "correlationVector":"CdLVRkT8OVAxGny5KJDHV7.30","action":"GetUpdates", "result":"DeleteReceived", "context":{"id":"7a6570c0-8ad9-48d2-85c3-145032b4ddc9", "isDeleted:":"true", "version":"1700324741977"}}
{"logTime": "1225/063607", "correlationVector":"CdLVRkT8OVAxGny5KJDHV7.31","action":"GetUpdates", "result":"DeleteReceived", "context":{"id":"b6cb3481-092e-4c10-81c2-43ea3a539c31", "isDeleted:":"true", "version":"1700329223908"}}
{"logTime": "1225/063607", "correlationVector":"CdLVRkT8OVAxGny5KJDHV7.32","action":"GetUpdates", "result":"DeleteReceived", "context":{"id":"e276f54a-de65-45c5-98ba-e446f54058e1", "isDeleted:":"true", "version":"1700333894537"}}
{"logTime": "1225/063607", "correlationVector":"CdLVRkT8OVAxGny5KJDHV7.33","action":"GetUpdates", "result":"DeleteReceived", "context":{"id":"0740cce2-e525-4ce6-ad4b-cc61b89f38a4", "isDeleted:":"true", "version":"1700333894542"}}
{"logTime": "1225/063607", "correlationVector":"CdLVRkT8OVAxGny5KJDHV7.34","action":"GetUpdates", "result":"DeleteReceived", "context":{"id":"acbdcce2-eb01-4da3-90c5-6309716f89eb", "isDeleted:":"true", "version":"1700337931539"}}
{"logTime": "1225/063607", "correlationVector":"CdLVRkT8OVAxGny5KJDHV7.35","action":"GetUpdates", "result":"DeleteReceived", "context":{"id":"9b3471a9-ca02-4b2e-b2d2-33e0d3ea7a06", "isDeleted:":"true", "version":"1700372047926"}}
{"logTime": "1225/063607", "correlationVector":"CdLVRkT8OVAxGny5KJDHV7.36","action":"GetUpdates", "result":"DeleteReceived", "context":{"id":"a24acc0d-2f5a-43e2-9c08-77cb06cf5abb", "isDeleted:":"true", "version":"1700372047929"}}
{"logTime": "1225/063607", "correlationVector":"CdLVRkT8OVAxGny5KJDHV7.37","action":"GetUpdates", "result":"DeleteReceived", "context":{"id":"706804fe-1aa5-4213-b1aa-3fd8f09409b8", "isDeleted:":"true", "version":"1700372047930"}}
{"logTime": "1225/063607", "correlationVector":"CdLVRkT8OVAxGny5KJDHV7.38","action":"GetUpdates", "result":"DeleteReceived", "context":{"id":"9bc528e3-2569-4880-99be-1d6f80d79a9d", "isDeleted:":"true", "version":"1700372047931"}}
{"logTime": "1225/063607", "correlationVector":"CdLVRkT8OVAxGny5KJDHV7.39","action":"GetUpdates", "result":"DeleteReceived", "context":{"id":"f701170f-cc03-437c-a9b4-3693566a51f6", "isDeleted:":"true", "version":"1700372047932"}}
{"logTime": "1225/063607", "correlationVector":"CdLVRkT8OVAxGny5KJDHV7.40","action":"GetUpdates", "result":"DeleteReceived", "context":{"id":"e1c873da-6200-4279-a922-35c375235750", "isDeleted:":"true", "version":"1700372047933"}}
{"logTime": "1225/063607", "correlationVector":"CdLVRkT8OVAxGny5KJDHV7.41","action":"GetUpdates", "result":"DeleteReceived", "context":{"id":"3573b5f5-e464-4b66-9e1c-68e6e80a7e95", "isDeleted:":"true", "version":"1700372047935"}}
{"logTime": "1225/063607", "correlationVector":"CdLVRkT8OVAxGny5KJDHV7.42","action":"GetUpdates", "result":"DeleteReceived", "context":{"id":"c0aa522b-9875-4f9d-98a2-3903d67b735f", "isDeleted:":"true", "version":"1700372109899"}}
{"logTime": "1225/063607", "correlationVector":"CdLVRkT8OVAxGny5KJDHV7.43","action":"GetUpdates", "result":"DeleteReceived", "context":{"id":"823bbb4d-31e3-47b4-b984-1a0afea3697f", "isDeleted:":"true", "version":"1700374158507"}}
{"logTime": "1225/063607", "correlationVector":"CdLVRkT8OVAxGny5KJDHV7.44","action":"GetUpdates", "result":"DeleteReceived", "context":{"id":"d875a6a5-2b99-4e1c-9448-cc696c1d3a3a", "isDeleted:":"true", "version":"1700384489342"}}
{"logTime": "1225/063607", "correlationVector":"CdLVRkT8OVAxGny5KJDHV7.45","action":"GetUpdates", "result":"DeleteReceived", "context":{"id":"18cd545d-e897-48ea-9825-33f03d55600e", "isDeleted:":"true", "version":"1700385153548"}}
{"logTime": "1225/063607", "correlationVector":"CdLVRkT8OVAxGny5KJDHV7.46","action":"GetUpdates", "result":"DeleteReceived", "context":{"id":"7822a5a5-9194-4f2a-8e98-5fd7762638b1", "isDeleted:":"true", "version":"1700387681475"}}
{"logTime": "1225/063607", "correlationVector":"CdLVRkT8OVAxGny5KJDHV7.47","action":"GetUpdates", "result":"DeleteReceived", "context":{"id":"2ebd237c-a7ae-4122-b635-4b7b2cf13a2d", "isDeleted:":"true", "version":"1700396984544"}}
{"logTime": "1225/063607", "correlationVector":"CdLVRkT8OVAxGny5KJDHV7.48","action":"GetUpdates", "result":"DeleteReceived", "context":{"id":"4660c719-ad93-443d-af84-a986929898dd", "isDeleted:":"true", "version":"1700406847467"}}
{"logTime": "1225/063607", "correlationVector":"CdLVRkT8OVAxGny5KJDHV7.49","action":"GetUpdates", "result":"DeleteReceived", "context":{"id":"2ee6f377-f341-48b1-be0a-3320fb0fd9dc", "isDeleted:":"true", "version":"1700410751721"}}
{"logTime": "1225/063607", "correlationVector":"CdLVRkT8OVAxGny5KJDHV7.50","action":"GetUpdates", "result":"DeleteReceived", "context":{"id":"879fb486-2330-410c-ab6d-4d361eaba1f8", "isDeleted:":"true", "version":"1700422015128"}}
{"logTime": "1225/063607", "correlationVector":"CdLVRkT8OVAxGny5KJDHV7.51","action":"GetUpdates", "result":"DeleteReceived", "context":{"id":"c6034111-05d5-4f09-865b-89f85514f2f2", "isDeleted:":"true", "version":"1700446855664"}}
{"logTime": "1225/063607", "correlationVector":"CdLVRkT8OVAxGny5KJDHV7.52","action":"GetUpdates", "result":"DeleteReceived", "context":{"id":"b613f488-dcaa-4903-ad9e-baefcc3da083", "isDeleted:":"true", "version":"1700446855665"}}
{"logTime": "1225/063607", "correlationVector":"CdLVRkT8OVAxGny5KJDHV7.53","action":"GetUpdates", "result":"DeleteReceived", "context":{"id":"d76df73f-65f4-4118-a7b6-5ba75214e730", "isDeleted:":"true", "version":"1700446855666"}}
{"logTime": "1225/063607", "correlationVector":"CdLVRkT8OVAxGny5KJDHV7.54","action":"GetUpdates", "result":"DeleteReceived", "context":{"id":"73ee1e96-1039-4704-81d3-1a8652f82846", "isDeleted:":"true", "version":"1700446855668"}}
{"logTime": "1225/063607", "correlationVector":"CdLVRkT8OVAxGny5KJDHV7.55","action":"GetUpdates", "result":"DeleteReceived", "context":{"id":"caa8736a-4a36-4022-bba0-239557dde191", "isDeleted:":"true", "version":"1700446855669"}}
{"logTime": "1225/063607", "correlationVector":"CdLVRkT8OVAxGny5KJDHV7.56","action":"GetUpdates", "result":"DeleteReceived", "context":{"id":"1ad00afb-b51c-4ffa-8395-28ca72520220", "isDeleted:":"true", "version":"1700446855671"}}
{"logTime": "1225/063607", "correlationVector":"CdLVRkT8OVAxGny5KJDHV7.57","action":"GetUpdates", "result":"DeleteReceived", "context":{"id":"46b526e3-b6f5-4696-a864-784ea34cd9b8", "isDeleted:":"true", "version":"1700446855672"}}
{"logTime": "1225/063607", "correlationVector":"CdLVRkT8OVAxGny5KJDHV7.58","action":"GetUpdates", "result":"DeleteReceived", "context":{"id":"bdb3aed4-97f3-40de-8046-086972a38b92", "isDeleted:":"true", "version":"1700446855673"}}
{"logTime": "1225/063607", "correlationVector":"CdLVRkT8OVAxGny5KJDHV7.59","action":"GetUpdates", "result":"DeleteReceived", "context":{"id":"0336adfd-82f0-48e4-acaf-8a52063d6855", "isDeleted:":"true", "version":"1700634088176"}}
{"logTime": "1225/063607", "correlationVector":"CdLVRkT8OVAxGny5KJDHV7.60","action":"GetUpdates", "result":"DeleteReceived", "context":{"id":"6e4d2be7-f3f8-4fde-9d18-7593274997d8", "isDeleted:":"true", "version":"1700634088178"}}
{"logTime": "1225/063607", "correlationVector":"CdLVRkT8OVAxGny5KJDHV7.61","action":"GetUpdates", "result":"DeleteReceived", "context":{"id":"7f33b76b-94f2-4baa-9941-ebddce53c015", "isDeleted:":"true", "version":"1700634088181"}}
{"logTime": "1225/063607", "correlationVector":"CdLVRkT8OVAxGny5KJDHV7.62","action":"GetUpdates", "result":"DeleteReceived", "context":{"id":"b3831e73-6e9d-4530-8926-c7f019f6d6ea", "isDeleted:":"true", "version":"1700634088183"}}
{"logTime": "1225/063607", "correlationVector":"CdLVRkT8OVAxGny5KJDHV7.63","action":"GetUpdates", "result":"DeleteReceived", "context":{"id":"b688b3cc-d510-4865-9687-c2818602d022", "isDeleted:":"true", "version":"1700634088184"}}
{"logTime": "1225/063607", "correlationVector":"CdLVRkT8OVAxGny5KJDHV7.64","action":"GetUpdates", "result":"DeleteReceived", "context":{"id":"5a77648d-9f39-4a51-a696-ad1dce4f01e4", "isDeleted:":"true", "version":"1700634088185"}}
{"logTime": "1225/063607", "correlationVector":"CdLVRkT8OVAxGny5KJDHV7.65","action":"GetUpdates", "result":"DeleteReceived", "context":{"id":"94f99c62-4366-4a76-a3e5-0351ca724cb5", "isDeleted:":"true", "version":"1700634088187"}}
{"logTime": "1225/063607", "correlationVector":"CdLVRkT8OVAxGny5KJDHV7.66","action":"GetUpdates", "result":"DeleteReceived", "context":{"id":"d17863a0-ccce-4b10-830a-1606796c17e3", "isDeleted:":"true", "version":"1700634088188"}}
{"logTime": "1225/063607", "correlationVector":"CdLVRkT8OVAxGny5KJDHV7.67","action":"GetUpdates", "result":"DeleteReceived", "context":{"id":"5e7c8a41-1310-4009-bc80-9af3793323b6", "isDeleted:":"true", "version":"1700744296158"}}
{"logTime": "1225/063607", "correlationVector":"CdLVRkT8OVAxGny5KJDHV7.68","action":"GetUpdates", "result":"DeleteReceived", "context":{"id":"925fb272-28ec-4412-9187-19570d9bd7af", "isDeleted:":"true", "version":"1700744296160"}}
{"logTime": "1225/063607", "correlationVector":"CdLVRkT8OVAxGny5KJDHV7.69","action":"GetUpdates", "result":"DeleteReceived", "context":{"id":"76b6b1b9-4410-46a6-9e55-63a362c85575", "isDeleted:":"true", "version":"1700744296162"}}
{"logTime": "1225/063607", "correlationVector":"CdLVRkT8OVAxGny5KJDHV7.70","action":"GetUpdates", "result":"DeleteReceived", "context":{"id":"b242b553-8762-44dd-a834-4aa6cfb4697a", "isDeleted:":"true", "version":"1700744296165"}}
{"logTime": "1225/063607", "correlationVector":"CdLVRkT8OVAxGny5KJDHV7.71","action":"GetUpdates", "result":"DeleteReceived", "context":{"id":"1520d291-0cc2-47b5-8ff7-0032e3d53376", "isDeleted:":"true", "version":"1700747433972"}}
{"logTime": "1225/063607", "correlationVector":"CdLVRkT8OVAxGny5KJDHV7.72","action":"GetUpdates", "result":"DeleteReceived", "context":{"id":"a2728a14-f93d-4b3a-90cb-34bc8e1ce724", "isDeleted:":"true", "version":"1700747433974"}}
{"logTime": "1225/063607", "correlationVector":"CdLVRkT8OVAxGny5KJDHV7.73","action":"GetUpdates", "result":"DeleteReceived", "context":{"id":"2f34dfbf-231d-49c3-b354-5e2048f8bab4", "isDeleted:":"true", "version":"1700747433975"}}
{"logTime": "1225/063607", "correlationVector":"CdLVRkT8OVAxGny5KJDHV7.74","action":"GetUpdates", "result":"DeleteReceived", "context":{"id":"94a0f7aa-5c60-4aee-83c1-fa5abd95ba3f", "isDeleted:":"true", "version":"1700747433976"}}
{"logTime": "1225/063607", "correlationVector":"CdLVRkT8OVAxGny5KJDHV7.75","action":"GetUpdates", "result":"DeleteReceived", "context":{"id":"dd3324f9-bfdb-4b91-9101-baba3573ca35", "isDeleted:":"true", "version":"1700747433977"}}
{"logTime": "1225/063607", "correlationVector":"CdLVRkT8OVAxGny5KJDHV7.76","action":"GetUpdates", "result":"DeleteReceived", "context":{"id":"3fe0241f-e5c9-48af-8437-5eebc23f5009", "isDeleted:":"true", "version":"1700760858333"}}
{"logTime": "1225/063607", "correlationVector":"CdLVRkT8OVAxGny5KJDHV7.77","action":"GetUpdates", "result":"DeleteReceived", "context":{"id":"a5f3bd00-0788-45e3-881a-f28d03b50153", "isDeleted:":"true", "version":"1700760858334"}}
{"logTime": "1225/063607", "correlationVector":"CdLVRkT8OVAxGny5KJDHV7.78","action":"GetUpdates", "result":"DeleteReceived", "context":{"id":"e85b3b25-c0bd-4689-b768-4fd22bf24552", "isDeleted:":"true", "version":"1700760858336"}}
{"logTime": "1225/063607", "correlationVector":"CdLVRkT8OVAxGny5KJDHV7.79","action":"GetUpdates", "result":"DeleteReceived", "context":{"id":"79909e1a-7bf2-42e1-90c6-d380593cc46b", "isDeleted:":"true", "version":"1700760858337"}}
{"logTime": "1225/063607", "correlationVector":"CdLVRkT8OVAxGny5KJDHV7.80","action":"GetUpdates", "result":"DeleteReceived", "context":{"id":"eb045904-b0c0-42dd-b0a0-82807a2df505", "isDeleted:":"true", "version":"1700760858338"}}
{"logTime": "1225/063607", "correlationVector":"CdLVRkT8OVAxGny5KJDHV7.81","action":"GetUpdates", "result":"DeleteReceived", "context":{"id":"59bfa859-73bc-4885-8597-1aea25a296bf", "isDeleted:":"true", "version":"1700760858339"}}
{"logTime": "1225/063607", "correlationVector":"CdLVRkT8OVAxGny5KJDHV7.82","action":"GetUpdates", "result":"DeleteReceived", "context":{"id":"97a9e445-5835-481b-aff1-6df1ee96f056", "isDeleted:":"true", "version":"1700760858341"}}
{"logTime": "1225/063607", "correlationVector":"CdLVRkT8OVAxGny5KJDHV7.83","action":"GetUpdates", "result":"DeleteReceived", "context":{"id":"02e77161-f1ec-416b-8ab2-cd95f925d324", "isDeleted:":"true", "version":"1700761130228"}}
{"logTime": "1225/063607", "correlationVector":"CdLVRkT8OVAxGny5KJDHV7.84","action":"GetUpdates", "result":"DeleteReceived", "context":{"id":"369ead4c-df26-49d5-bf73-074943eae851", "isDeleted:":"true", "version":"1700761130230"}}
{"logTime": "1225/063607", "correlationVector":"CdLVRkT8OVAxGny5KJDHV7.85","action":"GetUpdates", "result":"DeleteReceived", "context":{"id":"ccc50a5f-52c1-4734-8045-bae2d7a1bb5a", "isDeleted:":"true", "version":"1700761130231"}}
{"logTime": "1225/063607", "correlationVector":"CdLVRkT8OVAxGny5KJDHV7.86","action":"GetUpdates", "result":"DeleteReceived", "context":{"id":"7d9798d4-f470-476f-ba75-eac749ef2b79", "isDeleted:":"true", "version":"1700761219276"}}
{"logTime": "1225/063607", "correlationVector":"CdLVRkT8OVAxGny5KJDHV7.87","action":"GetUpdates", "result":"DeleteReceived", "context":{"id":"9ae87781-9678-4cef-81a3-1cb976c548e4", "isDeleted:":"true", "version":"1700801770967"}}
{"logTime": "1225/063607", "correlationVector":"CdLVRkT8OVAxGny5KJDHV7.88","action":"GetUpdates", "result":"DeleteReceived", "context":{"id":"96ff3d5b-9ff9-4de1-ac8a-8f1168b0e52f", "isDeleted:":"true", "version":"1700903491698"}}
{"logTime": "1225/063607", "correlationVector":"CdLVRkT8OVAxGny5KJDHV7.89","action":"GetUpdates", "result":"DeleteReceived", "context":{"id":"e1b8e8a3-947e-46bf-af73-ded292ba244d", "isDeleted:":"true", "version":"1700910469217"}}
{"logTime": "1225/063607", "correlationVector":"CdLVRkT8OVAxGny5KJDHV7.90","action":"GetUpdates", "result":"DeleteReceived", "context":{"id":"8ec27d41-e0c7-4d5d-bf7b-0f94c66b4d2d", "isDeleted:":"true", "version":"1700911620660"}}
{"logTime": "1225/063607", "correlationVector":"CdLVRkT8OVAxGny5KJDHV7.91","action":"GetUpdates", "result":"DeleteReceived", "context":{"id":"659c4f98-51f5-4e56-8414-0bd722b91fef", "isDeleted:":"true", "version":"1700911620662"}}
{"logTime": "1225/063607", "correlationVector":"CdLVRkT8OVAxGny5KJDHV7.92","action":"GetUpdates", "result":"DeleteReceived", "context":{"id":"f03aec90-e3df-46ec-953b-a8fa59e41de7", "isDeleted:":"true", "version":"1700911620663"}}
{"logTime": "1225/063607", "correlationVector":"CdLVRkT8OVAxGny5KJDHV7.93","action":"GetUpdates", "result":"DeleteReceived", "context":{"id":"d7f9ad42-967f-4ed1-9a06-504019945f31", "isDeleted:":"true", "version":"1700911620664"}}
{"logTime": "1225/063607", "correlationVector":"CdLVRkT8OVAxGny5KJDHV7.94","action":"GetUpdates", "result":"DeleteReceived", "context":{"id":"9829f965-5845-4eae-9811-60e0adde3f4b", "isDeleted:":"true", "version":"1700980414730"}}
{"logTime": "1225/063607", "correlationVector":"CdLVRkT8OVAxGny5KJDHV7.95","action":"GetUpdates", "result":"DeleteReceived", "context":{"id":"da2d19b5-af81-48c6-9990-381911add338", "isDeleted:":"true", "version":"1701069984930"}}
{"logTime": "1225/063607", "correlationVector":"CdLVRkT8OVAxGny5KJDHV7.96","action":"GetUpdates", "result":"DeleteReceived", "context":{"id":"892412bb-7f03-4926-aeb5-7eb55a24031b", "isDeleted:":"true", "version":"1701069984932"}}
{"logTime": "1225/063607", "correlationVector":"CdLVRkT8OVAxGny5KJDHV7.97","action":"GetUpdates", "result":"DeleteReceived", "context":{"id":"7d4703e5-7c7a-4aea-88fe-d141d8790a0f", "isDeleted:":"true", "version":"1701070505100"}}
{"logTime": "1225/063607", "correlationVector":"CdLVRkT8OVAxGny5KJDHV7.98","action":"GetUpdates", "result":"DeleteReceived", "context":{"id":"c450d2d5-6823-4bf0-81a9-2206cf65d0c6", "isDeleted:":"true", "version":"1701074204458"}}
{"logTime": "1225/063607", "correlationVector":"CdLVRkT8OVAxGny5KJDHV7.99","action":"GetUpdates", "result":"DeleteReceived", "context":{"id":"aaf42e04-6cb8-42ff-bf01-3d3c5b48c5c4", "isDeleted:":"true", "version":"1701086946254"}}
{"logTime": "1225/063607", "correlationVector":"CdLVRkT8OVAxGny5KJDHV7.100","action":"GetUpdates", "result":"DeleteReceived", "context":{"id":"eefc9b52-264b-4828-824e-875b647667ec", "isDeleted:":"true", "version":"1701089387784"}}
{"logTime": "1225/063607", "correlationVector":"CdLVRkT8OVAxGny5KJDHV7.101","action":"GetUpdates", "result":"DeleteReceived", "context":{"id":"d965451d-b9c2-4f06-9ccc-09391c6046b7", "isDeleted:":"true", "version":"1701151499028"}}
{"logTime": "1225/063607", "correlationVector":"CdLVRkT8OVAxGny5KJDHV7.102","action":"GetUpdates", "result":"DeleteReceived", "context":{"id":"93e6d24b-06fd-448b-85bb-79de1cd427ad", "isDeleted:":"true", "version":"1701168174984"}}
{"logTime": "1225/063607", "correlationVector":"CdLVRkT8OVAxGny5KJDHV7.103","action":"GetUpdates", "result":"DeleteReceived", "context":{"id":"ea3b3546-72dc-4de4-bb33-f661b5be0228", "isDeleted:":"true", "version":"1701255322714"}}
{"logTime": "1225/063607", "correlationVector":"CdLVRkT8OVAxGny5KJDHV7.104","action":"GetUpdates", "result":"DeleteReceived", "context":{"id":"99cb728d-6885-40cd-a2e4-8371edae612a", "isDeleted:":"true", "version":"1701269538945"}}
{"logTime": "1225/063607", "correlationVector":"CdLVRkT8OVAxGny5KJDHV7.105","action":"GetUpdates", "result":"DeleteReceived", "context":{"id":"82964582-462c-4adc-b29d-a543f1f4e612", "isDeleted:":"true", "version":"1701286802932"}}
{"logTime": "1225/063607", "correlationVector":"CdLVRkT8OVAxGny5KJDHV7.106","action":"GetUpdates", "result":"DeleteReceived", "context":{"id":"5a2684a7-15a2-4a8f-b0a2-0dd92ac7ba38", "isDeleted:":"true", "version":"1701311911307"}}
{"logTime": "1225/063607", "correlationVector":"CdLVRkT8OVAxGny5KJDHV7.107","action":"GetUpdates", "result":"DeleteReceived", "context":{"id":"946fe784-cc0c-4655-ab98-4a4439dd0ad2", "isDeleted:":"true", "version":"1701311911309"}}
{"logTime": "1225/063607", "correlationVector":"CdLVRkT8OVAxGny5KJDHV7.108","action":"GetUpdates", "result":"DeleteReceived", "context":{"id":"f3e7d8ae-d487-43ed-b86d-c1db7f18b844", "isDeleted:":"true", "version":"1701327589015"}}
{"logTime": "1225/063607", "correlationVector":"CdLVRkT8OVAxGny5KJDHV7.109","action":"GetUpdates", "result":"DeleteReceived", "context":{"id":"cab57580-e02c-43d3-93c9-dac44b0f32e0", "isDeleted:":"true", "version":"1701359971542"}}
{"logTime": "1225/063607", "correlationVector":"CdLVRkT8OVAxGny5KJDHV7.110","action":"GetUpdates", "result":"DeleteReceived", "context":{"id":"d160ba4c-bbfb-41cc-bef0-c1fc42b15898", "isDeleted:":"true", "version":"1701367413860"}}
{"logTime": "1225/063607", "correlationVector":"CdLVRkT8OVAxGny5KJDHV7.111","action":"GetUpdates", "result":"DeleteReceived", "context":{"id":"8267f903-7852-420c-96c4-00c981b0730d", "isDeleted:":"true", "version":"1701370702764"}}
{"logTime": "1225/063607", "correlationVector":"CdLVRkT8OVAxGny5KJDHV7.112","action":"GetUpdates", "result":"DeleteReceived", "context":{"id":"c87409f2-bb76-4a1d-abda-06f47b5dc01d", "isDeleted:":"true", "version":"1701410561657"}}
{"logTime": "1225/063607", "correlationVector":"CdLVRkT8OVAxGny5KJDHV7.113","action":"GetUpdates", "result":"DeleteReceived", "context":{"id":"60f9bd8b-7015-4035-98d4-2a5435a735fc", "isDeleted:":"true", "version":"1701410561659"}}
{"logTime": "1225/063607", "correlationVector":"CdLVRkT8OVAxGny5KJDHV7.114","action":"GetUpdates", "result":"DeleteReceived", "context":{"id":"f2bfcef0-ff0c-4411-b964-9bb10da2abf0", "isDeleted:":"true", "version":"1701410561660"}}
{"logTime": "1225/063607", "correlationVector":"CdLVRkT8OVAxGny5KJDHV7.115","action":"GetUpdates", "result":"DeleteReceived", "context":{"id":"f68b3e39-2ce3-42eb-9327-6102fbd1c177", "isDeleted:":"true", "version":"1701453383912"}}
{"logTime": "1225/063607", "correlationVector":"CdLVRkT8OVAxGny5KJDHV7.116","action":"GetUpdates", "result":"DeleteReceived", "context":{"id":"c40157b3-ac49-44d6-948d-7f6e587aa63c", "isDeleted:":"true", "version":"1701540290636"}}
{"logTime": "1225/063607", "correlationVector":"CdLVRkT8OVAxGny5KJDHV7.117","action":"GetUpdates", "result":"DeleteReceived", "context":{"id":"0b91dfc3-abb9-47cf-a56f-145d09f9ce91", "isDeleted:":"true", "version":"1701540302471"}}
{"logTime": "1225/063607", "correlationVector":"CdLVRkT8OVAxGny5KJDHV7.118","action":"GetUpdates", "result":"DeleteReceived", "context":{"id":"162f220e-9c73-47c6-b1f5-5e07a866ae8c", "isDeleted:":"true", "version":"1701540369208"}}
{"logTime": "1225/063607", "correlationVector":"CdLVRkT8OVAxGny5KJDHV7.119","action":"GetUpdates", "result":"DeleteReceived", "context":{"id":"7f72eed7-d74b-4b9e-bd05-b164c41fbed9", "isDeleted:":"true", "version":"1701545001096"}}
{"logTime": "1225/063607", "correlationVector":"CdLVRkT8OVAxGny5KJDHV7.120","action":"GetUpdates", "result":"DeleteReceived", "context":{"id":"0d339c59-564f-408a-bdc4-ba332c6334a8", "isDeleted:":"true", "version":"1701579431042"}}
{"logTime": "1225/063607", "correlationVector":"CdLVRkT8OVAxGny5KJDHV7.121","action":"GetUpdates", "result":"DeleteReceived", "context":{"id":"fbf2767a-4dab-439f-a6ec-c5b7e7c0b691", "isDeleted:":"true", "version":"1701587553801"}}
{"logTime": "1225/063607", "correlationVector":"CdLVRkT8OVAxGny5KJDHV7.122","action":"GetUpdates", "result":"DeleteReceived", "context":{"id":"704c3ad5-5576-4751-97b9-07d2fa55e420", "isDeleted:":"true", "version":"1701608226895"}}
{"logTime": "1225/063607", "correlationVector":"CdLVRkT8OVAxGny5KJDHV7.123","action":"GetUpdates", "result":"DeleteReceived", "context":{"id":"b7abff68-f301-4bf6-872c-db9c55a3a753", "isDeleted:":"true", "version":"1701612003014"}}
{"logTime": "1225/063607", "correlationVector":"CdLVRkT8OVAxGny5KJDHV7.124","action":"GetUpdates", "result":"DeleteReceived", "context":{"id":"f7f68dea-bc6f-437d-b5c9-d281637f846d", "isDeleted:":"true", "version":"1701628497151"}}
{"logTime": "1225/063607", "correlationVector":"CdLVRkT8OVAxGny5KJDHV7.125","action":"GetUpdates", "result":"DeleteReceived", "context":{"id":"99f489eb-8eb0-49e5-a5b4-5d425cc7e439", "isDeleted:":"true", "version":"1701628497152"}}
{"logTime": "1225/063607", "correlationVector":"CdLVRkT8OVAxGny5KJDHV7.126","action":"GetUpdates", "result":"DeleteReceived", "context":{"id":"f9a7c1f0-fa30-4cdd-b62b-c1ab404e59c6", "isDeleted:":"true", "version":"1701628497153"}}
{"logTime": "1225/063607", "correlationVector":"CdLVRkT8OVAxGny5KJDHV7.127","action":"GetUpdates", "result":"DeleteReceived", "context":{"id":"7ce10e54-9e33-43e4-97f7-acad0c33b784", "isDeleted:":"true", "version":"1701628497154"}}
{"logTime": "1225/063607", "correlationVector":"CdLVRkT8OVAxGny5KJDHV7.128","action":"GetUpdates", "result":"DeleteReceived", "context":{"id":"1dd44e15-ce00-4980-b1b9-2beab454804f", "isDeleted:":"true", "version":"1701667200092"}}
{"logTime": "1225/063607", "correlationVector":"CdLVRkT8OVAxGny5KJDHV7.129","action":"GetUpdates", "result":"DeleteReceived", "context":{"id":"b9930f89-5190-4200-b377-aeb7c6af58de", "isDeleted:":"true", "version":"1701667200093"}}
{"logTime": "1225/063607", "correlationVector":"CdLVRkT8OVAxGny5KJDHV7.130","action":"GetUpdates", "result":"DeleteReceived", "context":{"id":"9ace049d-f78b-4e44-a9c7-b33b7854aff9", "isDeleted:":"true", "version":"1701667200095"}}
{"logTime": "1225/063607", "correlationVector":"CdLVRkT8OVAxGny5KJDHV7.131","action":"GetUpdates", "result":"DeleteReceived", "context":{"id":"82013316-9e9c-489a-828a-92bfd19f1cb6", "isDeleted:":"true", "version":"1701667200096"}}
{"logTime": "1225/063607", "correlationVector":"CdLVRkT8OVAxGny5KJDHV7.132","action":"GetUpdates", "result":"DeleteReceived", "context":{"id":"6ee274cb-5d2d-47a6-add2-e0c400ec0ffb", "isDeleted:":"true", "version":"1701677468811"}}
{"logTime": "1225/063607", "correlationVector":"CdLVRkT8OVAxGny5KJDHV7.133","action":"GetUpdates", "result":"DeleteReceived", "context":{"id":"4072d228-fc80-4610-98a1-b3bbbaccfbbe", "isDeleted:":"true", "version":"1701684262735"}}
{"logTime": "1225/063607", "correlationVector":"CdLVRkT8OVAxGny5KJDHV7.134","action":"GetUpdates", "result":"DeleteReceived", "context":{"id":"630c45eb-0769-437f-b655-acfe9e244397", "isDeleted:":"true", "version":"1701684369762"}}
{"logTime": "1225/063607", "correlationVector":"CdLVRkT8OVAxGny5KJDHV7.135","action":"GetUpdates", "result":"DeleteReceived", "context":{"id":"dcec9f46-b211-4c26-ba71-6514ecd70a74", "isDeleted:":"true", "version":"1701685047485"}}
{"logTime": "1225/063607", "correlationVector":"CdLVRkT8OVAxGny5KJDHV7.136","action":"GetUpdates", "result":"DeleteReceived", "context":{"id":"af040944-61c0-441d-bb8c-94f77a54cd83", "isDeleted:":"true", "version":"1701755992549"}}
{"logTime": "1225/063607", "correlationVector":"CdLVRkT8OVAxGny5KJDHV7.137","action":"GetUpdates", "result":"DeleteReceived", "context":{"id":"72042995-a72d-4980-84ac-cd4572514d9f", "isDeleted:":"true", "version":"1701755992551"}}
{"logTime": "1225/063607", "correlationVector":"CdLVRkT8OVAxGny5KJDHV7.138","action":"GetUpdates", "result":"DeleteReceived", "context":{"id":"73b2563c-82d7-4c63-931b-849c848c53b6", "isDeleted:":"true", "version":"1701755992552"}}
{"logTime": "1225/063607", "correlationVector":"CdLVRkT8OVAxGny5KJDHV7.139","action":"GetUpdates", "result":"DeleteReceived", "context":{"id":"cb8b14dc-d0c0-4424-aff4-7b707da3bb3b", "isDeleted:":"true", "version":"1701756281740"}}
{"logTime": "1225/063607", "correlationVector":"CdLVRkT8OVAxGny5KJDHV7.140","action":"GetUpdates", "result":"DeleteReceived", "context":{"id":"5976bb94-a048-4a7f-ab45-b42c29197c14", "isDeleted:":"true", "version":"1701795814426"}}
{"logTime": "1225/063607", "correlationVector":"CdLVRkT8OVAxGny5KJDHV7.141","action":"GetUpdates", "result":"DeleteReceived", "context":{"id":"c194d138-c6b4-4406-b486-e8ceff3f4d36", "isDeleted:":"true", "version":"1701857923714"}}
{"logTime": "1225/063607", "correlationVector":"CdLVRkT8OVAxGny5KJDHV7.142","action":"GetUpdates", "result":"DeleteReceived", "context":{"id":"4da07400-f95b-471b-8465-bd03972853ca", "isDeleted:":"true", "version":"1701913981836"}}
{"logTime": "1225/063607", "correlationVector":"CdLVRkT8OVAxGny5KJDHV7.143","action":"GetUpdates", "result":"DeleteReceived", "context":{"id":"3d521f61-13be-44b7-a563-67a5cf467cd1", "isDeleted:":"true", "version":"1701913981838"}}
{"logTime": "1225/063607", "correlationVector":"CdLVRkT8OVAxGny5KJDHV7.144","action":"GetUpdates", "result":"DeleteReceived", "context":{"id":"892e64be-a066-4760-8b55-64b9fc507799", "isDeleted:":"true", "version":"1701913981839"}}
{"logTime": "1225/063607", "correlationVector":"CdLVRkT8OVAxGny5KJDHV7.145","action":"GetUpdates", "result":"DeleteReceived", "context":{"id":"44a1de7b-715c-49b2-bcaa-678333826cd9", "isDeleted:":"true", "version":"1701968233794"}}
{"logTime": "1225/063607", "correlationVector":"CdLVRkT8OVAxGny5KJDHV7.146","action":"GetUpdates", "result":"DeleteReceived", "context":{"id":"f52522de-de7e-47b4-a10b-e04d0a4c9bfb", "isDeleted:":"true", "version":"1702029243430"}}
{"logTime": "1225/063607", "correlationVector":"CdLVRkT8OVAxGny5KJDHV7.147","action":"GetUpdates", "result":"DeleteReceived", "context":{"id":"b0438e4c-5962-4b73-bddb-637235a7a13a", "isDeleted:":"true", "version":"1702029243432"}}
{"logTime": "1225/063607", "correlationVector":"CdLVRkT8OVAxGny5KJDHV7.148","action":"GetUpdates", "result":"DeleteReceived", "context":{"id":"bfe9d610-9714-48ca-b09f-80a9ce1f2bf3", "isDeleted:":"true", "version":"1702061613829"}}
{"logTime": "1225/063607", "correlationVector":"CdLVRkT8OVAxGny5KJDHV7.149","action":"GetUpdates", "result":"DeleteReceived", "context":{"id":"7c4f1678-e112-41bf-a006-9d3cb47f1208", "isDeleted:":"true", "version":"1702113294065"}}
{"logTime": "1225/063607", "correlationVector":"CdLVRkT8OVAxGny5KJDHV7.150","action":"GetUpdates", "result":"DeleteReceived", "context":{"id":"79efe7bf-5ccb-49cf-bde8-50648fc7aa08", "isDeleted:":"true", "version":"1702113294066"}}
{"logTime": "1225/063607", "correlationVector":"CdLVRkT8OVAxGny5KJDHV7.151","action":"GetUpdates", "result":"DeleteReceived", "context":{"id":"02a501c4-7e5a-4e90-9554-416a4459a5e2", "isDeleted:":"true", "version":"1702113294068"}}
{"logTime": "1225/063607", "correlationVector":"CdLVRkT8OVAxGny5KJDHV7.152","action":"GetUpdates", "result":"DeleteReceived", "context":{"id":"1d0f2cb4-146a-4a5f-b892-e366689500c7", "isDeleted:":"true", "version":"1702113294069"}}
{"logTime": "1225/063607", "correlationVector":"CdLVRkT8OVAxGny5KJDHV7.153","action":"GetUpdates", "result":"DeleteReceived", "context":{"id":"664ffb6c-8c6f-4631-b436-6c441b6a2b55", "isDeleted:":"true", "version":"1702113294070"}}
{"logTime": "1225/063607", "correlationVector":"CdLVRkT8OVAxGny5KJDHV7.154","action":"GetUpdates", "result":"DeleteReceived", "context":{"id":"f5cdc26d-7bf3-4b32-b133-786ccba5f5cb", "isDeleted:":"true", "version":"1702115971509"}}
{"logTime": "1225/063607", "correlationVector":"CdLVRkT8OVAxGny5KJDHV7.155","action":"GetUpdates", "result":"DeleteReceived", "context":{"id":"cccf9a90-2d9b-40a2-808b-d5b85476b9f4", "isDeleted:":"true", "version":"1702150039597"}}
{"logTime": "1225/063607", "correlationVector":"CdLVRkT8OVAxGny5KJDHV7.156","action":"GetUpdates", "result":"DeleteReceived", "context":{"id":"b34a1589-5d8b-4ea7-9740-30a3e0a916bd", "isDeleted:":"true", "version":"1702150039600"}}
{"logTime": "1225/063607", "correlationVector":"CdLVRkT8OVAxGny5KJDHV7.157","action":"GetUpdates", "result":"DeleteReceived", "context":{"id":"35f85459-8a98-4d57-bcd2-a4ab61965892", "isDeleted:":"true", "version":"1702150039601"}}
{"logTime": "1225/063607", "correlationVector":"CdLVRkT8OVAxGny5KJDHV7.158","action":"GetUpdates", "result":"DeleteReceived", "context":{"id":"cd968913-8b6e-417d-add8-90fc35ab23bc", "isDeleted:":"true", "version":"1702150039602"}}
{"logTime": "1225/063607", "correlationVector":"CdLVRkT8OVAxGny5KJDHV7.159","action":"GetUpdates", "result":"DeleteReceived", "context":{"id":"22755c57-9e79-4059-845c-57346a649413", "isDeleted:":"true", "version":"1702150039604"}}
{"logTime": "1225/063607", "correlationVector":"CdLVRkT8OVAxGny5KJDHV7.160","action":"GetUpdates", "result":"DeleteReceived", "context":{"id":"abcd88d9-519d-4c98-99d8-53204fc33f96", "isDeleted:":"true", "version":"1702188410500"}}
{"logTime": "1225/063607", "correlationVector":"CdLVRkT8OVAxGny5KJDHV7.161","action":"GetUpdates", "result":"DeleteReceived", "context":{"id":"a1324649-473e-4887-99e8-db2b46010b21", "isDeleted:":"true", "version":"1702188410503"}}
{"logTime": "1225/063607", "correlationVector":"CdLVRkT8OVAxGny5KJDHV7.162","action":"GetUpdates", "result":"DeleteReceived", "context":{"id":"4578ec7e-3c7f-48ee-a3e6-cee21b0c4982", "isDeleted:":"true", "version":"1702205741161"}}
{"logTime": "1225/063607", "correlationVector":"CdLVRkT8OVAxGny5KJDHV7.163","action":"GetUpdates", "result":"DeleteReceived", "context":{"id":"e29e6145-3232-4a66-8060-620d49eeff46", "isDeleted:":"true", "version":"1702205741162"}}
{"logTime": "1225/063607", "correlationVector":"CdLVRkT8OVAxGny5KJDHV7.164","action":"GetUpdates", "result":"DeleteReceived", "context":{"id":"fc584ddb-0600-4dff-b8d4-05e19c48e682", "isDeleted:":"true", "version":"1702235916086"}}
{"logTime": "1225/063607", "correlationVector":"CdLVRkT8OVAxGny5KJDHV7.165","action":"GetUpdates", "result":"DeleteReceived", "context":{"id":"cc34558b-3788-4d10-b156-859d82fbca70", "isDeleted:":"true", "version":"1702235916087"}}
{"logTime": "1225/063607", "correlationVector":"CdLVRkT8OVAxGny5KJDHV7.166","action":"GetUpdates", "result":"DeleteReceived", "context":{"id":"888ca55a-0b31-4d1b-a5a0-2bba84597841", "isDeleted:":"true", "version":"1702310831384"}}
{"logTime": "1225/063607", "correlationVector":"CdLVRkT8OVAxGny5KJDHV7.167","action":"GetUpdates", "result":"DeleteReceived", "context":{"id":"33892855-2421-48c0-a3ea-3d70469ba273", "isDeleted:":"true", "version":"1702310831386"}}
{"logTime": "1225/063607", "correlationVector":"CdLVRkT8OVAxGny5KJDHV7.168","action":"GetUpdates", "result":"DeleteReceived", "context":{"id":"5abe0628-d858-4f0f-a63b-9f6589667007", "isDeleted:":"true", "version":"1702310831387"}}
{"logTime": "1225/063607", "correlationVector":"CdLVRkT8OVAxGny5KJDHV7.169","action":"GetUpdates", "result":"DeleteReceived", "context":{"id":"ee7d3d6a-53ec-4d6c-a63e-a9f5909b3c46", "isDeleted:":"true", "version":"1702310831388"}}
{"logTime": "1225/063607", "correlationVector":"CdLVRkT8OVAxGny5KJDHV7.170","action":"GetUpdates", "result":"DeleteReceived", "context":{"id":"28043f55-8573-4c6d-8e1a-a4fef843eab8", "isDeleted:":"true", "version":"1702310831389"}}
{"logTime": "1225/063607", "correlationVector":"CdLVRkT8OVAxGny5KJDHV7.171","action":"GetUpdates", "result":"DeleteReceived", "context":{"id":"9ecc8dc9-b1d0-468c-aaa0-e1cef0cab900", "isDeleted:":"true", "version":"1702327877737"}}
{"logTime": "1225/063607", "correlationVector":"CdLVRkT8OVAxGny5KJDHV7.172","action":"GetUpdates", "result":"DeleteReceived", "context":{"id":"6bdc1056-efac-46d7-a5be-7f125d0b2945", "isDeleted:":"true", "version":"1702542308156"}}
{"logTime": "1225/063607", "correlationVector":"CdLVRkT8OVAxGny5KJDHV7.173","action":"GetUpdates", "result":"DeleteReceived", "context":{"id":"b0dff625-3d40-4909-acde-4b52da5f729a", "isDeleted:":"true", "version":"1702617826460"}}
{"logTime": "1225/063607", "correlationVector":"CdLVRkT8OVAxGny5KJDHV7.174","action":"GetUpdates", "result":"DeleteReceived", "context":{"id":"6d2a2c3b-9391-43a5-b2fb-5dfde6353102", "isDeleted:":"true", "version":"1702621427241"}}
{"logTime": "1225/063607", "correlationVector":"CdLVRkT8OVAxGny5KJDHV7.175","action":"GetUpdates", "result":"DeleteReceived", "context":{"id":"91f3e9a3-0c9d-41ee-831a-8044d3d4df67", "isDeleted:":"true", "version":"1702629303991"}}
{"logTime": "1225/063607", "correlationVector":"CdLVRkT8OVAxGny5KJDHV7.176","action":"GetUpdates", "result":"DeleteReceived", "context":{"id":"5cf9648f-62d2-4685-99b2-a14f8f7024ee", "isDeleted:":"true", "version":"1702629303994"}}
{"logTime": "1225/063607", "correlationVector":"CdLVRkT8OVAxGny5KJDHV7.177","action":"GetUpdates", "result":"DeleteReceived", "context":{"id":"1665d679-b07a-4d0d-8f38-1c7fd5bc72cb", "isDeleted:":"true", "version":"1702629303995"}}
{"logTime": "1225/063607", "correlationVector":"CdLVRkT8OVAxGny5KJDHV7.178","action":"GetUpdates", "result":"DeleteReceived", "context":{"id":"a23924c6-ab2c-4049-aa6a-42a758556999", "isDeleted:":"true", "version":"1702629486583"}}
{"logTime": "1225/063607", "correlationVector":"CdLVRkT8OVAxGny5KJDHV7.179","action":"GetUpdates", "result":"DeleteReceived", "context":{"id":"609836ba-c2a6-4a1b-afeb-01ad8752fdc4", "isDeleted:":"true", "version":"1702629486585"}}
{"logTime": "1225/063607", "correlationVector":"CdLVRkT8OVAxGny5KJDHV7.180","action":"GetUpdates", "result":"DeleteReceived", "context":{"id":"77a61fe1-fc89-487d-a726-654a73110422", "isDeleted:":"true", "version":"1702629486586"}}
{"logTime": "1225/063607", "correlationVector":"CdLVRkT8OVAxGny5KJDHV7.181","action":"GetUpdates", "result":"DeleteReceived", "context":{"id":"ec26489c-d076-4663-826d-1556e36ef8e2", "isDeleted:":"true", "version":"1702631108553"}}
{"logTime": "1225/063607", "correlationVector":"CdLVRkT8OVAxGny5KJDHV7.182","action":"GetUpdates", "result":"DeleteReceived", "context":{"id":"ed93d925-7f36-47c5-99ee-76a1c832b336", "isDeleted:":"true", "version":"1702804090763"}}
{"logTime": "1225/063607", "correlationVector":"CdLVRkT8OVAxGny5KJDHV7.183","action":"GetUpdates", "result":"DeleteReceived", "context":{"id":"8c12c40f-dd9b-45bc-a556-b963e56b9bd5", "isDeleted:":"true", "version":"1702804551201"}}
{"logTime": "1225/063607", "correlationVector":"CdLVRkT8OVAxGny5KJDHV7.184","action":"GetUpdates", "result":"DeleteReceived", "context":{"id":"6d857057-15cc-4a1c-9e58-d665e19e449a", "isDeleted:":"true", "version":"1702804551205"}}
{"logTime": "1225/063607", "correlationVector":"CdLVRkT8OVAxGny5KJDHV7.185","action":"GetUpdates", "result":"DeleteReceived", "context":{"id":"c1bda330-2935-4bd6-8cb1-d021da4a2eaf", "isDeleted:":"true", "version":"1702808367285"}}
{"logTime": "1225/063607", "correlationVector":"CdLVRkT8OVAxGny5KJDHV7.186","action":"GetUpdates", "result":"DeleteReceived", "context":{"id":"ea0e03af-ac1d-4cd1-a17f-6dcfebb63e2b", "isDeleted:":"true", "version":"1702808367289"}}
{"logTime": "1225/063607", "correlationVector":"CdLVRkT8OVAxGny5KJDHV7.187","action":"GetUpdates", "result":"DeleteReceived", "context":{"id":"5a934563-0c67-49ac-a4c3-5ed827537bae", "isDeleted:":"true", "version":"1702810354530"}}
{"logTime": "1225/063607", "correlationVector":"CdLVRkT8OVAxGny5KJDHV7.188","action":"GetUpdates Response", "result":"SERVER_MORE_TO_DOWNLOAD", "context":Received 250 update(s).  Some updates remain.}
{"logTime": "1225/063607", "correlationVector":"8nL2dJBf9Xw9t4JT4YV51j","action":"Initial GetUpdates", "result":"", "context":Reason: NEWLY_SUPPORTED_DATATYPE. cV=8nL2dJBf9Xw9t4JT4YV51j}
{"logTime": "1225/063607", "correlationVector":"8nL2dJBf9Xw9t4JT4YV51j.1","action":"SyncServerConnectionManagerRequest", "result":"SYNC_SERVER_OK", "context":{"environment":"Prod_SoutheastAsia_000j", "migrationStage":"NotStarted", "server":"GENERAL0300000E"}}
{"logTime": "1225/063607", "correlationVector":"8nL2dJBf9Xw9t4JT4YV51j.2","action":"GetUpdates", "result":"DeleteReceived", "context":{"id":"e23892b5-c2cb-41fd-881f-988056068573", "isDeleted:":"true", "version":"1702810354532"}}
{"logTime": "1225/063607", "correlationVector":"8nL2dJBf9Xw9t4JT4YV51j.3","action":"GetUpdates", "result":"DeleteReceived", "context":{"id":"21701546-ffbb-4bb8-b398-c90932cbd9b8", "isDeleted:":"true", "version":"1703070607471"}}
{"logTime": "1225/063607", "correlationVector":"8nL2dJBf9Xw9t4JT4YV51j.4","action":"GetUpdates", "result":"DeleteReceived", "context":{"id":"ce86153d-6400-45d8-a4c2-6382c0090be0", "isDeleted:":"true", "version":"1703076934516"}}
{"logTime": "1225/063607", "correlationVector":"8nL2dJBf9Xw9t4JT4YV51j.5","action":"GetUpdates", "result":"DeleteReceived", "context":{"id":"2e5a7ea4-9f34-4bfa-ba48-1c24158f34e5", "isDeleted:":"true", "version":"1703178871399"}}
{"logTime": "1225/063607", "correlationVector":"8nL2dJBf9Xw9t4JT4YV51j.6","action":"GetUpdates", "result":"DeleteReceived", "context":{"id":"5ebe95f6-244f-4f87-b928-9b599185674f", "isDeleted:":"true", "version":"1703181210867"}}
{"logTime": "1225/063607", "correlationVector":"8nL2dJBf9Xw9t4JT4YV51j.7","action":"GetUpdates", "result":"DeleteReceived", "context":{"id":"f4de99c8-750c-40a5-97f8-9800682c20da", "isDeleted:":"true", "version":"1703226652420"}}
{"logTime": "1225/063607", "correlationVector":"8nL2dJBf9Xw9t4JT4YV51j.8","action":"GetUpdates", "result":"DeleteReceived", "context":{"id":"7394d90c-5592-49f3-971f-1232f8a24f74", "isDeleted:":"true", "version":"1703398359005"}}
{"logTime": "1225/063607", "correlationVector":"8nL2dJBf9Xw9t4JT4YV51j.9","action":"GetUpdates", "result":"DeleteReceived", "context":{"id":"9ed92f41-144f-453e-97bf-bd34e332c474", "isDeleted:":"true", "version":"1703398359007"}}
{"logTime": "1225/063607", "correlationVector":"8nL2dJBf9Xw9t4JT4YV51j.10","action":"GetUpdates", "result":"DeleteReceived", "context":{"id":"55833a14-d5c0-4edd-97ee-d5e803a254b3", "isDeleted:":"true", "version":"1703399118578"}}
{"logTime": "1225/063607", "correlationVector":"8nL2dJBf9Xw9t4JT4YV51j.11","action":"GetUpdates", "result":"DeleteReceived", "context":{"id":"0c16f1ad-10f2-4dfb-98e8-bcbcf775df46", "isDeleted:":"true", "version":"1703399118580"}}
{"logTime": "1225/063607", "correlationVector":"8nL2dJBf9Xw9t4JT4YV51j.12","action":"GetUpdates", "result":"DeleteReceived", "context":{"id":"52183755-f607-466e-8574-8569f00b68d3", "isDeleted:":"true", "version":"1703403962952"}}
{"logTime": "1225/063607", "correlationVector":"8nL2dJBf9Xw9t4JT4YV51j.13","action":"GetUpdates", "result":"DeleteReceived", "context":{"id":"c55d8ea3-85af-4885-bc7d-223ffeb65be2", "isDeleted:":"true", "version":"1703475761541"}}
{"logTime": "1225/063607", "correlationVector":"8nL2dJBf9Xw9t4JT4YV51j.14","action":"GetUpdates", "result":"DeleteReceived", "context":{"id":"1c1281a0-274e-42bf-8b82-4ca1a29b6c78", "isDeleted:":"true", "version":"1703475761542"}}
{"logTime": "1225/063607", "correlationVector":"8nL2dJBf9Xw9t4JT4YV51j.15","action":"GetUpdates", "result":"DeleteReceived", "context":{"id":"846ea1ca-407a-4da2-9391-68dc71d9bc37", "isDeleted:":"true", "version":"1703475761544"}}
{"logTime": "1225/063607", "correlationVector":"8nL2dJBf9Xw9t4JT4YV51j.16","action":"GetUpdates", "result":"DeleteReceived", "context":{"id":"7bf38fe3-9bb7-489e-a3dd-8d06f0840f36", "isDeleted:":"true", "version":"1703475761545"}}
{"logTime": "1225/063607", "correlationVector":"8nL2dJBf9Xw9t4JT4YV51j.17","action":"GetUpdates Response", "result":"SYNCER_OK", "context":Received 49 update(s). cV=8nL2dJBf9Xw9t4JT4YV51j.0;server=GENERAL0300000E;cloudType=Consumer;environment=Prod_SoutheastAsia_000j;migrationStage=NotStarted}
{"logTime": "1225/063607", "correlationVector":"Ow6t6ca6TTAoc3e5EfJuoT","action":"Normal GetUpdate request", "result":"", "context":cV=Ow6t6ca6TTAoc3e5EfJuoT
Nudged types: Bookmarks, Sessions, Device Info
Refresh requested types: Bookmarks, Preferences, Passwords, Autofill Profiles, Autofill, Autofill Custom Data, Typed URLs, Extensions, Sessions, Extension settings, History Delete Directives, Device Info, User Consents, Send Tab To Self, Web Apps, Collection, Edge E Drop, Edge Hub App Usage, Edge Wallet, Encryption Keys}
{"logTime": "1225/063608", "correlationVector":"Ow6t6ca6TTAoc3e5EfJuoT.1","action":"SyncServerConnectionManagerRequest", "result":"SYNC_SERVER_OK", "context":{"environment":"Prod_SoutheastAsia_000j", "migrationStage":"NotStarted", "server":"GENERAL0100000J"}}
{"logTime": "1225/063608", "correlationVector":"Ow6t6ca6TTAoc3e5EfJuoT.2","action":"GetUpdates Response", "result":"SYNCER_OK", "context":Received 0 update(s). cV=Ow6t6ca6TTAoc3e5EfJuoT.0;server=GENERAL0100000J;cloudType=Consumer;environment=Prod_SoutheastAsia_000j;migrationStage=NotStarted}
{"logTime": "1225/063608", "correlationVector":"B6YfHxIUq0WpnNljRK/8b0","action":"Commit Request", "result":"", "context":Item count: 1
Contributing types: Device Info}
{"logTime": "1225/063608", "correlationVector":"B6YfHxIUq0WpnNljRK/8b0.1","action":"SyncServerConnectionManagerRequest", "result":"SYNC_SERVER_OK", "context":{"environment":"Prod_SoutheastAsia_000j", "migrationStage":"NotStarted", "server":"GENERAL0100000J"}}
{"logTime": "1225/063608", "correlationVector":"B6YfHxIUq0WpnNljRK/8b0.2","action":"Commit Response", "result":"SYNCER_OK", "context":Result: SYNCER_OK. cV=B6YfHxIUq0WpnNljRK/8b0.0;server=GENERAL0100000J;cloudType=Consumer;environment=Prod_SoutheastAsia_000j;migrationStage=NotStarted}
{"logTime": "1225/063608", "correlationVector":"dgTBEdMbnN1DMHZ36VMOOa","action":"Commit Request", "result":"", "context":Item count: 20
Contributing types: Bookmarks}
{"logTime": "1225/063610", "correlationVector":"dgTBEdMbnN1DMHZ36VMOOa.1","action":"SyncServerConnectionManagerRequest", "result":"SYNC_SERVER_OK", "context":{"environment":"Prod_SoutheastAsia_000j", "migrationStage":"NotStarted", "server":"GENERAL0100000O"}}
{"logTime": "1225/063610", "correlationVector":"dgTBEdMbnN1DMHZ36VMOOa.2","action":"Commit Response", "result":"SYNCER_OK", "context":Result: SYNCER_OK. cV=dgTBEdMbnN1DMHZ36VMOOa.0;server=GENERAL0100000O;cloudType=Consumer;environment=Prod_SoutheastAsia_000j;migrationStage=NotStarted}
{"logTime": "1225/063610", "correlationVector":"salippCjn7aVkiL8aTtkn8","action":"Commit Request", "result":"", "context":Item count: 3
Contributing types: Bookmarks, Sessions}
{"logTime": "1225/063611", "correlationVector":"salippCjn7aVkiL8aTtkn8.1","action":"SyncServerConnectionManagerRequest", "result":"SYNC_SERVER_OK", "context":{"environment":"Prod_SoutheastAsia_000j", "migrationStage":"NotStarted", "server":"GENERAL0100001H"}}
{"logTime": "1225/063611", "correlationVector":"salippCjn7aVkiL8aTtkn8.2","action":"Commit Response", "result":"SYNCER_OK", "context":Result: SYNCER_OK. cV=salippCjn7aVkiL8aTtkn8.0;server=GENERAL0100001H;cloudType=Consumer;environment=Prod_SoutheastAsia_000j;migrationStage=NotStarted}
{"logTime": "1225/063624", "correlationVector":"jlBUcY9JaXHD81G00hGI/q","action":"Commit Request", "result":"", "context":Item count: 20
Contributing types: Passwords}
{"logTime": "1225/063626", "correlationVector":"jlBUcY9JaXHD81G00hGI/q.1","action":"SyncServerConnectionManagerRequest", "result":"SYNC_SERVER_OK", "context":{"environment":"Prod_SoutheastAsia_000j", "migrationStage":"NotStarted", "server":"GENERAL01000002"}}
{"logTime": "1225/063626", "correlationVector":"jlBUcY9JaXHD81G00hGI/q.2","action":"Commit Response", "result":"SYNCER_OK", "context":Result: SYNCER_OK. cV=jlBUcY9JaXHD81G00hGI/q.0;server=GENERAL01000002;cloudType=Consumer;environment=Prod_SoutheastAsia_000j;migrationStage=NotStarted}
{"logTime": "1225/063626", "correlationVector":"IE/RfJaNACNip+XUnfZQa/","action":"Commit Request", "result":"", "context":Item count: 9
Contributing types: Passwords}
{"logTime": "1225/063627", "correlationVector":"IE/RfJaNACNip+XUnfZQa/.1","action":"SyncServerConnectionManagerRequest", "result":"SYNC_SERVER_OK", "context":{"environment":"Prod_SoutheastAsia_000j", "migrationStage":"NotStarted", "server":"GENERAL0300000C"}}
{"logTime": "1225/063627", "correlationVector":"IE/RfJaNACNip+XUnfZQa/.2","action":"Commit Response", "result":"SYNCER_OK", "context":Result: SYNCER_OK. cV=IE/RfJaNACNip+XUnfZQa/.0;server=GENERAL0300000C;cloudType=Consumer;environment=Prod_SoutheastAsia_000j;migrationStage=NotStarted}
{"logTime": "1225/063627", "correlationVector":"77A0nEs/pe1Fh0LzKrDoae","action":"Commit Request", "result":"", "context":Item count: 1
Contributing types: Preferences}
{"logTime": "1225/063627", "correlationVector":"77A0nEs/pe1Fh0LzKrDoae.1","action":"SyncServerConnectionManagerRequest", "result":"SYNC_SERVER_OK", "context":{"environment":"Prod_SoutheastAsia_000j", "migrationStage":"NotStarted", "server":"GENERAL0300002A"}}
{"logTime": "1225/063627", "correlationVector":"77A0nEs/pe1Fh0LzKrDoae.2","action":"Commit Response", "result":"SYNCER_OK", "context":Result: SYNCER_OK. cV=77A0nEs/pe1Fh0LzKrDoae.0;server=GENERAL0300002A;cloudType=Consumer;environment=Prod_SoutheastAsia_000j;migrationStage=NotStarted}
{"logTime": "1225/063808", "correlationVector":"IqSbwMRrPC1md8J8fNzlfD","action":"Commit Request", "result":"", "context":Item count: 1
Contributing types: Sessions}
{"logTime": "1225/063808", "correlationVector":"IqSbwMRrPC1md8J8fNzlfD.1","action":"SyncServerConnectionManagerRequest", "result":"SYNC_SERVER_OK", "context":{"environment":"Prod_SoutheastAsia_000j", "migrationStage":"NotStarted", "server":"GENERAL01000011"}}
{"logTime": "1225/063808", "correlationVector":"IqSbwMRrPC1md8J8fNzlfD.2","action":"Commit Response", "result":"SYNCER_OK", "context":Result: SYNCER_OK. cV=IqSbwMRrPC1md8J8fNzlfD.0;server=GENERAL01000011;cloudType=Consumer;environment=Prod_SoutheastAsia_000j;migrationStage=NotStarted}
{"logTime": "1225/063841", "correlationVector":"mYdpyNmdKRgOWUsgMxckaQ","action":"Commit Request", "result":"", "context":Item count: 1
Contributing types: Sessions}
{"logTime": "1225/063841", "correlationVector":"mYdpyNmdKRgOWUsgMxckaQ.1","action":"SyncServerConnectionManagerRequest", "result":"SYNC_SERVER_OK", "context":{"environment":"Prod_SoutheastAsia_000j", "migrationStage":"NotStarted", "server":"GENERAL0100000K"}}
{"logTime": "1225/063841", "correlationVector":"mYdpyNmdKRgOWUsgMxckaQ.2","action":"Commit Response", "result":"SYNCER_OK", "context":Result: SYNCER_OK. cV=mYdpyNmdKRgOWUsgMxckaQ.0;server=GENERAL0100000K;cloudType=Consumer;environment=Prod_SoutheastAsia_000j;migrationStage=NotStarted}
{"logTime": "1225/064054", "correlationVector":"cd53nCj0fxtzOyx57CxQZF","action":"Normal GetUpdate request", "result":"", "context":cV=cd53nCj0fxtzOyx57CxQZF
Nudged types: Preferences
Refresh requested types: Bookmarks, Preferences, Passwords, Autofill Profiles, Autofill, Autofill Custom Data, Typed URLs, Extensions, Sessions, Extension settings, History Delete Directives, Device Info, User Consents, Send Tab To Self, Web Apps, Collection, Edge E Drop, Edge Hub App Usage, Edge Wallet, Encryption Keys}
{"logTime": "1225/064055", "correlationVector":"cd53nCj0fxtzOyx57CxQZF.1","action":"SyncServerConnectionManagerRequest", "result":"SYNC_SERVER_OK", "context":{"environment":"Prod_SoutheastAsia_000j", "migrationStage":"NotStarted", "server":"GENERAL01000015"}}
{"logTime": "1225/064055", "correlationVector":"cd53nCj0fxtzOyx57CxQZF.2","action":"GetUpdates Response", "result":"SYNCER_OK", "context":Received 54 update(s). cV=cd53nCj0fxtzOyx57CxQZF.0;server=GENERAL01000015;cloudType=Consumer;environment=Prod_SoutheastAsia_000j;migrationStage=NotStarted}
{"logTime": "1225/064055", "correlationVector":"CP5J+TBBWHpxtWWi7pC9sH","action":"Commit Request", "result":"", "context":Item count: 1
Contributing types: Preferences}
{"logTime": "1225/064056", "correlationVector":"CP5J+TBBWHpxtWWi7pC9sH.1","action":"SyncServerConnectionManagerRequest", "result":"SYNC_SERVER_OK", "context":{"environment":"Prod_SoutheastAsia_000j", "migrationStage":"NotStarted", "server":"GENERAL0100000H"}}
{"logTime": "1225/064056", "correlationVector":"CP5J+TBBWHpxtWWi7pC9sH.2","action":"Commit Response", "result":"SYNCER_OK", "context":Result: SYNCER_OK. cV=CP5J+TBBWHpxtWWi7pC9sH.0;server=GENERAL0100000H;cloudType=Consumer;environment=Prod_SoutheastAsia_000j;migrationStage=NotStarted}
{"logTime": "1225/064928", "correlationVector":"aGIQkF8Pou9qrTrZO1R91S","action":"Commit Request", "result":"", "context":Item count: 1
Contributing types: Sessions}
{"logTime": "1225/064929", "correlationVector":"aGIQkF8Pou9qrTrZO1R91S.1","action":"SyncServerConnectionManagerRequest", "result":"SYNC_SERVER_OK", "context":{"environment":"Prod_SoutheastAsia_000j", "migrationStage":"NotStarted", "server":"GENERAL0100001J"}}
{"logTime": "1225/064929", "correlationVector":"aGIQkF8Pou9qrTrZO1R91S.2","action":"Commit Response", "result":"SYNCER_OK", "context":Result: SYNCER_OK. cV=aGIQkF8Pou9qrTrZO1R91S.0;server=GENERAL0100001J;cloudType=Consumer;environment=Prod_SoutheastAsia_000j;migrationStage=NotStarted}
{"logTime": "1225/070526", "correlationVector":"LElTMzl8kpfMhQoBoO/nzL","action":"Commit Request", "result":"", "context":Item count: 1
Contributing types: Sessions}
{"logTime": "1225/070527", "correlationVector":"LElTMzl8kpfMhQoBoO/nzL.1","action":"SyncServerConnectionManagerRequest", "result":"SYNC_SERVER_OK", "context":{"environment":"Prod_SoutheastAsia_000j", "migrationStage":"NotStarted", "server":"GENERAL0100001D"}}
{"logTime": "1225/070527", "correlationVector":"LElTMzl8kpfMhQoBoO/nzL.2","action":"Commit Response", "result":"SYNCER_OK", "context":Result: SYNCER_OK. cV=LElTMzl8kpfMhQoBoO/nzL.0;server=GENERAL0100001D;cloudType=Consumer;environment=Prod_SoutheastAsia_000j;migrationStage=NotStarted}
{"logTime": "1225/071439", "correlationVector":"nFwEZhNv6eXZETJ4gYAg+Y","action":"Commit Request", "result":"", "context":Item count: 1
Contributing types: Sessions}
{"logTime": "1225/071439", "correlationVector":"nFwEZhNv6eXZETJ4gYAg+Y.1","action":"SyncServerConnectionManagerRequest", "result":"SYNC_SERVER_OK", "context":{"environment":"Prod_SoutheastAsia_000j", "migrationStage":"NotStarted", "server":"GENERAL0100000Q"}}
{"logTime": "1225/071439", "correlationVector":"nFwEZhNv6eXZETJ4gYAg+Y.2","action":"Commit Response", "result":"SYNCER_OK", "context":Result: SYNCER_OK. cV=nFwEZhNv6eXZETJ4gYAg+Y.0;server=GENERAL0100000Q;cloudType=Consumer;environment=Prod_SoutheastAsia_000j;migrationStage=NotStarted}
{"logTime": "1225/071518", "correlationVector":"yzgkQ8ap7/0CieyX8F8+vb","action":"Commit Request", "result":"", "context":Item count: 1
Contributing types: Sessions}
{"logTime": "1225/071518", "correlationVector":"yzgkQ8ap7/0CieyX8F8+vb.1","action":"SyncServerConnectionManagerRequest", "result":"SYNC_SERVER_OK", "context":{"environment":"Prod_SoutheastAsia_000j", "migrationStage":"NotStarted", "server":"GENERAL0300000B"}}
{"logTime": "1225/071518", "correlationVector":"yzgkQ8ap7/0CieyX8F8+vb.2","action":"Commit Response", "result":"SYNCER_OK", "context":Result: SYNCER_OK. cV=yzgkQ8ap7/0CieyX8F8+vb.0;server=GENERAL0300000B;cloudType=Consumer;environment=Prod_SoutheastAsia_000j;migrationStage=NotStarted}
{"logTime": "1225/071659", "correlationVector":"wJk+38Bqo1Pr7XqwVzSTzZ","action":"Commit Request", "result":"", "context":Item count: 1
Contributing types: Sessions}
{"logTime": "1225/071659", "correlationVector":"wJk+38Bqo1Pr7XqwVzSTzZ.1","action":"SyncServerConnectionManagerRequest", "result":"SYNC_SERVER_OK", "context":{"environment":"Prod_SoutheastAsia_000j", "migrationStage":"NotStarted", "server":"GENERAL01000009"}}
{"logTime": "1225/071659", "correlationVector":"wJk+38Bqo1Pr7XqwVzSTzZ.2","action":"Commit Response", "result":"SYNCER_OK", "context":Result: SYNCER_OK. cV=wJk+38Bqo1Pr7XqwVzSTzZ.0;server=GENERAL01000009;cloudType=Consumer;environment=Prod_SoutheastAsia_000j;migrationStage=NotStarted}
{"logTime": "1225/071812", "correlationVector":"N+nEnvkuWXCZkee5+K4H3K","action":"Commit Request", "result":"", "context":Item count: 1
Contributing types: Sessions}
{"logTime": "1225/071812", "correlationVector":"N+nEnvkuWXCZkee5+K4H3K.1","action":"SyncServerConnectionManagerRequest", "result":"SYNC_SERVER_OK", "context":{"environment":"Prod_SoutheastAsia_000j", "migrationStage":"NotStarted", "server":"GENERAL03000006"}}
{"logTime": "1225/071812", "correlationVector":"N+nEnvkuWXCZkee5+K4H3K.2","action":"Commit Response", "result":"SYNCER_OK", "context":Result: SYNCER_OK. cV=N+nEnvkuWXCZkee5+K4H3K.0;server=GENERAL03000006;cloudType=Consumer;environment=Prod_SoutheastAsia_000j;migrationStage=NotStarted}
{"logTime": "1225/071851", "correlationVector":"E04naiiI+eCrhih40KyZRr","action":"Commit Request", "result":"", "context":Item count: 1
Contributing types: Sessions}
{"logTime": "1225/071851", "correlationVector":"E04naiiI+eCrhih40KyZRr.1","action":"SyncServerConnectionManagerRequest", "result":"SYNC_SERVER_OK", "context":{"environment":"Prod_SoutheastAsia_000j", "migrationStage":"NotStarted", "server":"GENERAL03000008"}}
{"logTime": "1225/071851", "correlationVector":"E04naiiI+eCrhih40KyZRr.2","action":"Commit Response", "result":"SYNCER_OK", "context":Result: SYNCER_OK. cV=E04naiiI+eCrhih40KyZRr.0;server=GENERAL03000008;cloudType=Consumer;environment=Prod_SoutheastAsia_000j;migrationStage=NotStarted}
{"logTime": "1225/072101", "correlationVector":"PYavP0/D6Jg8ypCn2aauG1","action":"Commit Request", "result":"", "context":Item count: 1
Contributing types: Sessions}
{"logTime": "1225/072102", "correlationVector":"PYavP0/D6Jg8ypCn2aauG1.1","action":"SyncServerConnectionManagerRequest", "result":"SYNC_SERVER_OK", "context":{"environment":"Prod_SoutheastAsia_000j", "migrationStage":"NotStarted", "server":"GENERAL0300000Q"}}
{"logTime": "1225/072102", "correlationVector":"PYavP0/D6Jg8ypCn2aauG1.2","action":"Commit Response", "result":"SYNCER_OK", "context":Result: SYNCER_OK. cV=PYavP0/D6Jg8ypCn2aauG1.0;server=GENERAL0300000Q;cloudType=Consumer;environment=Prod_SoutheastAsia_000j;migrationStage=NotStarted}
{"logTime": "1225/072440", "correlationVector":"Vk/Uqx9X5cUpTd3DfrPyiB","action":"Commit Request", "result":"", "context":Item count: 1
Contributing types: Sessions}
{"logTime": "1225/072440", "correlationVector":"Vk/Uqx9X5cUpTd3DfrPyiB.1","action":"SyncServerConnectionManagerRequest", "result":"SYNC_SERVER_OK", "context":{"environment":"Prod_EastAsia_000d", "migrationStage":"NotStarted", "server":"GENERAL01000005"}}
{"logTime": "1225/072440", "correlationVector":"Vk/Uqx9X5cUpTd3DfrPyiB.2","action":"Commit Response", "result":"SYNCER_OK", "context":Result: SYNCER_OK. cV=Vk/Uqx9X5cUpTd3DfrPyiB.0;server=GENERAL01000005;cloudType=Consumer;environment=Prod_EastAsia_000d;migrationStage=NotStarted}
